Performing C SOURCE FILE Test CMAKE_HAVE_LIBC_PTHREAD failed with the following output:
<<<<<<< HEAD
Change Dir: /home/kunal/MAS/Sem_2/SDP/repo/official/ss22-robile-people-detection/catkin_ws/build/catkin_tools_prebuild/CMakeFiles/CMakeTmp

Run Build Command(s):/usr/bin/make cmTC_aa5e6/fast && /usr/bin/make -f CMakeFiles/cmTC_aa5e6.dir/build.make CMakeFiles/cmTC_aa5e6.dir/build
make[1]: Entering directory '/home/kunal/MAS/Sem_2/SDP/repo/official/ss22-robile-people-detection/catkin_ws/build/catkin_tools_prebuild/CMakeFiles/CMakeTmp'
Building C object CMakeFiles/cmTC_aa5e6.dir/src.c.o
/usr/bin/cc   -DCMAKE_HAVE_LIBC_PTHREAD   -o CMakeFiles/cmTC_aa5e6.dir/src.c.o   -c /home/kunal/MAS/Sem_2/SDP/repo/official/ss22-robile-people-detection/catkin_ws/build/catkin_tools_prebuild/CMakeFiles/CMakeTmp/src.c
Linking C executable cmTC_aa5e6
/usr/bin/cmake -E cmake_link_script CMakeFiles/cmTC_aa5e6.dir/link.txt --verbose=1
/usr/bin/cc  -DCMAKE_HAVE_LIBC_PTHREAD    -rdynamic CMakeFiles/cmTC_aa5e6.dir/src.c.o  -o cmTC_aa5e6 
/usr/bin/ld: CMakeFiles/cmTC_aa5e6.dir/src.c.o: in function `main':
=======
Change Dir: /home/sam/Documents/HS-BRS/SDP/ss22-robile-people-detection/catkin_ws/build/catkin_tools_prebuild/CMakeFiles/CMakeTmp

Run Build Command(s):/usr/bin/make cmTC_06ab6/fast && /usr/bin/make -f CMakeFiles/cmTC_06ab6.dir/build.make CMakeFiles/cmTC_06ab6.dir/build
make[1]: Entering directory '/home/sam/Documents/HS-BRS/SDP/ss22-robile-people-detection/catkin_ws/build/catkin_tools_prebuild/CMakeFiles/CMakeTmp'
Building C object CMakeFiles/cmTC_06ab6.dir/src.c.o
/usr/bin/cc   -DCMAKE_HAVE_LIBC_PTHREAD   -o CMakeFiles/cmTC_06ab6.dir/src.c.o   -c /home/sam/Documents/HS-BRS/SDP/ss22-robile-people-detection/catkin_ws/build/catkin_tools_prebuild/CMakeFiles/CMakeTmp/src.c
Linking C executable cmTC_06ab6
/usr/bin/cmake -E cmake_link_script CMakeFiles/cmTC_06ab6.dir/link.txt --verbose=1
/usr/bin/cc  -DCMAKE_HAVE_LIBC_PTHREAD    -rdynamic CMakeFiles/cmTC_06ab6.dir/src.c.o  -o cmTC_06ab6 
/usr/bin/ld: CMakeFiles/cmTC_06ab6.dir/src.c.o: in function `main':
>>>>>>> e0d9fed50d9e94420119dab5cec05a86861d173e
src.c:(.text+0x46): undefined reference to `pthread_create'
/usr/bin/ld: src.c:(.text+0x52): undefined reference to `pthread_detach'
/usr/bin/ld: src.c:(.text+0x63): undefined reference to `pthread_join'
collect2: error: ld returned 1 exit status
<<<<<<< HEAD
make[1]: *** [CMakeFiles/cmTC_aa5e6.dir/build.make:87: cmTC_aa5e6] Error 1
make[1]: Leaving directory '/home/kunal/MAS/Sem_2/SDP/repo/official/ss22-robile-people-detection/catkin_ws/build/catkin_tools_prebuild/CMakeFiles/CMakeTmp'
make: *** [Makefile:121: cmTC_aa5e6/fast] Error 2
=======
make[1]: *** [CMakeFiles/cmTC_06ab6.dir/build.make:87: cmTC_06ab6] Error 1
make[1]: Leaving directory '/home/sam/Documents/HS-BRS/SDP/ss22-robile-people-detection/catkin_ws/build/catkin_tools_prebuild/CMakeFiles/CMakeTmp'
make: *** [Makefile:121: cmTC_06ab6/fast] Error 2
>>>>>>> e0d9fed50d9e94420119dab5cec05a86861d173e


Source file was:
#include <pthread.h>

void* test_func(void* data)
{
  return data;
}

int main(void)
{
  pthread_t thread;
  pthread_create(&thread, NULL, test_func, NULL);
  pthread_detach(thread);
  pthread_join(thread, NULL);
  pthread_atfork(NULL, NULL, NULL);
  pthread_exit(NULL);

  return 0;
}

Determining if the function pthread_create exists in the pthreads failed with the following output:
<<<<<<< HEAD
Change Dir: /home/kunal/MAS/Sem_2/SDP/repo/official/ss22-robile-people-detection/catkin_ws/build/catkin_tools_prebuild/CMakeFiles/CMakeTmp

Run Build Command(s):/usr/bin/make cmTC_71bfb/fast && /usr/bin/make -f CMakeFiles/cmTC_71bfb.dir/build.make CMakeFiles/cmTC_71bfb.dir/build
make[1]: Entering directory '/home/kunal/MAS/Sem_2/SDP/repo/official/ss22-robile-people-detection/catkin_ws/build/catkin_tools_prebuild/CMakeFiles/CMakeTmp'
Building C object CMakeFiles/cmTC_71bfb.dir/CheckFunctionExists.c.o
/usr/bin/cc   -DCHECK_FUNCTION_EXISTS=pthread_create   -o CMakeFiles/cmTC_71bfb.dir/CheckFunctionExists.c.o   -c /usr/share/cmake-3.16/Modules/CheckFunctionExists.c
Linking C executable cmTC_71bfb
/usr/bin/cmake -E cmake_link_script CMakeFiles/cmTC_71bfb.dir/link.txt --verbose=1
/usr/bin/cc  -DCHECK_FUNCTION_EXISTS=pthread_create    -rdynamic CMakeFiles/cmTC_71bfb.dir/CheckFunctionExists.c.o  -o cmTC_71bfb  -lpthreads 
/usr/bin/ld: cannot find -lpthreads
collect2: error: ld returned 1 exit status
make[1]: *** [CMakeFiles/cmTC_71bfb.dir/build.make:87: cmTC_71bfb] Error 1
make[1]: Leaving directory '/home/kunal/MAS/Sem_2/SDP/repo/official/ss22-robile-people-detection/catkin_ws/build/catkin_tools_prebuild/CMakeFiles/CMakeTmp'
make: *** [Makefile:121: cmTC_71bfb/fast] Error 2
=======
Change Dir: /home/sam/Documents/HS-BRS/SDP/ss22-robile-people-detection/catkin_ws/build/catkin_tools_prebuild/CMakeFiles/CMakeTmp

Run Build Command(s):/usr/bin/make cmTC_52bd1/fast && /usr/bin/make -f CMakeFiles/cmTC_52bd1.dir/build.make CMakeFiles/cmTC_52bd1.dir/build
make[1]: Entering directory '/home/sam/Documents/HS-BRS/SDP/ss22-robile-people-detection/catkin_ws/build/catkin_tools_prebuild/CMakeFiles/CMakeTmp'
Building C object CMakeFiles/cmTC_52bd1.dir/CheckFunctionExists.c.o
/usr/bin/cc   -DCHECK_FUNCTION_EXISTS=pthread_create   -o CMakeFiles/cmTC_52bd1.dir/CheckFunctionExists.c.o   -c /usr/share/cmake-3.16/Modules/CheckFunctionExists.c
Linking C executable cmTC_52bd1
/usr/bin/cmake -E cmake_link_script CMakeFiles/cmTC_52bd1.dir/link.txt --verbose=1
/usr/bin/cc  -DCHECK_FUNCTION_EXISTS=pthread_create    -rdynamic CMakeFiles/cmTC_52bd1.dir/CheckFunctionExists.c.o  -o cmTC_52bd1  -lpthreads 
/usr/bin/ld: cannot find -lpthreads
collect2: error: ld returned 1 exit status
make[1]: *** [CMakeFiles/cmTC_52bd1.dir/build.make:87: cmTC_52bd1] Error 1
make[1]: Leaving directory '/home/sam/Documents/HS-BRS/SDP/ss22-robile-people-detection/catkin_ws/build/catkin_tools_prebuild/CMakeFiles/CMakeTmp'
make: *** [Makefile:121: cmTC_52bd1/fast] Error 2
>>>>>>> e0d9fed50d9e94420119dab5cec05a86861d173e



