<<<<<<< HEAD
Symlinking /home/kunal/MAS/Sem_2/SDP/repo/official/ss22-robile-people-detection/catkin_ws/devel/./setup.bash
Symlinking /home/kunal/MAS/Sem_2/SDP/repo/official/ss22-robile-people-detection/catkin_ws/devel/./local_setup.zsh
Symlinking /home/kunal/MAS/Sem_2/SDP/repo/official/ss22-robile-people-detection/catkin_ws/devel/./setup.zsh
Symlinking /home/kunal/MAS/Sem_2/SDP/repo/official/ss22-robile-people-detection/catkin_ws/devel/./local_setup.sh
Symlinking /home/kunal/MAS/Sem_2/SDP/repo/official/ss22-robile-people-detection/catkin_ws/devel/./_setup_util.py
Symlinking /home/kunal/MAS/Sem_2/SDP/repo/official/ss22-robile-people-detection/catkin_ws/devel/./local_setup.bash
Symlinking /home/kunal/MAS/Sem_2/SDP/repo/official/ss22-robile-people-detection/catkin_ws/devel/./env.sh
Symlinking /home/kunal/MAS/Sem_2/SDP/repo/official/ss22-robile-people-detection/catkin_ws/devel/./cmake.lock
Symlinking /home/kunal/MAS/Sem_2/SDP/repo/official/ss22-robile-people-detection/catkin_ws/devel/./setup.sh
Symlinking /home/kunal/MAS/Sem_2/SDP/repo/official/ss22-robile-people-detection/catkin_ws/devel/lib/pkgconfig/catkin_tools_prebuild.pc
Symlinking /home/kunal/MAS/Sem_2/SDP/repo/official/ss22-robile-people-detection/catkin_ws/devel/share/catkin_tools_prebuild/cmake/catkin_tools_prebuildConfig-version.cmake
Symlinking /home/kunal/MAS/Sem_2/SDP/repo/official/ss22-robile-people-detection/catkin_ws/devel/share/catkin_tools_prebuild/cmake/catkin_tools_prebuildConfig.cmake
=======
Symlinking /home/sam/Documents/HS-BRS/SDP/ss22-robile-people-detection/catkin_ws/devel/./env.sh
Symlinking /home/sam/Documents/HS-BRS/SDP/ss22-robile-people-detection/catkin_ws/devel/./setup.bash
Symlinking /home/sam/Documents/HS-BRS/SDP/ss22-robile-people-detection/catkin_ws/devel/./local_setup.sh
Symlinking /home/sam/Documents/HS-BRS/SDP/ss22-robile-people-detection/catkin_ws/devel/./setup.sh
Symlinking /home/sam/Documents/HS-BRS/SDP/ss22-robile-people-detection/catkin_ws/devel/./cmake.lock
Symlinking /home/sam/Documents/HS-BRS/SDP/ss22-robile-people-detection/catkin_ws/devel/./local_setup.bash
Symlinking /home/sam/Documents/HS-BRS/SDP/ss22-robile-people-detection/catkin_ws/devel/./_setup_util.py
Symlinking /home/sam/Documents/HS-BRS/SDP/ss22-robile-people-detection/catkin_ws/devel/./local_setup.zsh
Symlinking /home/sam/Documents/HS-BRS/SDP/ss22-robile-people-detection/catkin_ws/devel/./setup.zsh
Symlinking /home/sam/Documents/HS-BRS/SDP/ss22-robile-people-detection/catkin_ws/devel/lib/pkgconfig/catkin_tools_prebuild.pc
Symlinking /home/sam/Documents/HS-BRS/SDP/ss22-robile-people-detection/catkin_ws/devel/share/catkin_tools_prebuild/cmake/catkin_tools_prebuildConfig.cmake
Symlinking /home/sam/Documents/HS-BRS/SDP/ss22-robile-people-detection/catkin_ws/devel/share/catkin_tools_prebuild/cmake/catkin_tools_prebuildConfig-version.cmake
>>>>>>> d990f7bc638fef2102570700d7c941d5fd9e4f7c
