Symlinking /home/sam/Documents/HS-BRS/SDP/SDP/catkin_ws/devel/lib/pkgconfig/leg_tracker.pc
Symlinking /home/sam/Documents/HS-BRS/SDP/SDP/catkin_ws/devel/lib/leg_tracker/detect_leg_clusters
Symlinking /home/sam/Documents/HS-BRS/SDP/SDP/catkin_ws/devel/lib/leg_tracker/local_occupancy_grid_mapping
Symlinking /home/sam/Documents/HS-BRS/SDP/SDP/catkin_ws/devel/lib/leg_tracker/extract_positive_training_clusters
Symlinking /home/sam/Documents/HS-BRS/SDP/SDP/catkin_ws/devel/lib/leg_tracker/train_leg_detector
Symlinking /home/sam/Documents/HS-BRS/SDP/SDP/catkin_ws/devel/lib/python3/dist-packages/leg_tracker/__init__.py
Symlinking /home/sam/Documents/HS-BRS/SDP/SDP/catkin_ws/devel/lib/python3/dist-packages/leg_tracker/msg/_Leg.py
Symlinking /home/sam/Documents/HS-BRS/SDP/SDP/catkin_ws/devel/lib/python3/dist-packages/leg_tracker/msg/__init__.py
Symlinking /home/sam/Documents/HS-BRS/SDP/SDP/catkin_ws/devel/lib/python3/dist-packages/leg_tracker/msg/_Person.py
Symlinking /home/sam/Documents/HS-BRS/SDP/SDP/catkin_ws/devel/lib/python3/dist-packages/leg_tracker/msg/_PersonArray.py
Symlinking /home/sam/Documents/HS-BRS/SDP/SDP/catkin_ws/devel/lib/python3/dist-packages/leg_tracker/msg/_LegArray.py
Symlinking /home/sam/Documents/HS-BRS/SDP/SDP/catkin_ws/devel/share/gennodejs/ros/leg_tracker/_index.js
Symlinking /home/sam/Documents/HS-BRS/SDP/SDP/catkin_ws/devel/share/gennodejs/ros/leg_tracker/msg/Leg.js
Symlinking /home/sam/Documents/HS-BRS/SDP/SDP/catkin_ws/devel/share/gennodejs/ros/leg_tracker/msg/PersonArray.js
Symlinking /home/sam/Documents/HS-BRS/SDP/SDP/catkin_ws/devel/share/gennodejs/ros/leg_tracker/msg/_index.js
Symlinking /home/sam/Documents/HS-BRS/SDP/SDP/catkin_ws/devel/share/gennodejs/ros/leg_tracker/msg/Person.js
Symlinking /home/sam/Documents/HS-BRS/SDP/SDP/catkin_ws/devel/share/gennodejs/ros/leg_tracker/msg/LegArray.js
Symlinking /home/sam/Documents/HS-BRS/SDP/SDP/catkin_ws/devel/share/common-lisp/ros/leg_tracker/msg/_package_PersonArray.lisp
Symlinking /home/sam/Documents/HS-BRS/SDP/SDP/catkin_ws/devel/share/common-lisp/ros/leg_tracker/msg/_package_Person.lisp
Symlinking /home/sam/Documents/HS-BRS/SDP/SDP/catkin_ws/devel/share/common-lisp/ros/leg_tracker/msg/_package_Leg.lisp
Symlinking /home/sam/Documents/HS-BRS/SDP/SDP/catkin_ws/devel/share/common-lisp/ros/leg_tracker/msg/LegArray.lisp
Symlinking /home/sam/Documents/HS-BRS/SDP/SDP/catkin_ws/devel/share/common-lisp/ros/leg_tracker/msg/_package.lisp
Symlinking /home/sam/Documents/HS-BRS/SDP/SDP/catkin_ws/devel/share/common-lisp/ros/leg_tracker/msg/PersonArray.lisp
Symlinking /home/sam/Documents/HS-BRS/SDP/SDP/catkin_ws/devel/share/common-lisp/ros/leg_tracker/msg/_package_LegArray.lisp
Symlinking /home/sam/Documents/HS-BRS/SDP/SDP/catkin_ws/devel/share/common-lisp/ros/leg_tracker/msg/Person.lisp
Symlinking /home/sam/Documents/HS-BRS/SDP/SDP/catkin_ws/devel/share/common-lisp/ros/leg_tracker/msg/Leg.lisp
Symlinking /home/sam/Documents/HS-BRS/SDP/SDP/catkin_ws/devel/share/common-lisp/ros/leg_tracker/msg/leg_tracker-msg.asd
Symlinking /home/sam/Documents/HS-BRS/SDP/SDP/catkin_ws/devel/share/leg_tracker/cmake/leg_trackerConfig-version.cmake
Symlinking /home/sam/Documents/HS-BRS/SDP/SDP/catkin_ws/devel/share/leg_tracker/cmake/leg_trackerConfig.cmake
Symlinking /home/sam/Documents/HS-BRS/SDP/SDP/catkin_ws/devel/share/leg_tracker/cmake/leg_tracker-msg-paths.cmake
Symlinking /home/sam/Documents/HS-BRS/SDP/SDP/catkin_ws/devel/share/leg_tracker/cmake/leg_tracker-msg-extras.cmake
Symlinking /home/sam/Documents/HS-BRS/SDP/SDP/catkin_ws/devel/share/roseus/ros/leg_tracker/manifest.l
Symlinking /home/sam/Documents/HS-BRS/SDP/SDP/catkin_ws/devel/share/roseus/ros/leg_tracker/msg/Leg.l
Symlinking /home/sam/Documents/HS-BRS/SDP/SDP/catkin_ws/devel/share/roseus/ros/leg_tracker/msg/Person.l
Symlinking /home/sam/Documents/HS-BRS/SDP/SDP/catkin_ws/devel/share/roseus/ros/leg_tracker/msg/PersonArray.l
Symlinking /home/sam/Documents/HS-BRS/SDP/SDP/catkin_ws/devel/share/roseus/ros/leg_tracker/msg/LegArray.l
Symlinking /home/sam/Documents/HS-BRS/SDP/SDP/catkin_ws/devel/include/leg_tracker/PersonArray.h
Symlinking /home/sam/Documents/HS-BRS/SDP/SDP/catkin_ws/devel/include/leg_tracker/LegArray.h
Symlinking /home/sam/Documents/HS-BRS/SDP/SDP/catkin_ws/devel/include/leg_tracker/Leg.h
Symlinking /home/sam/Documents/HS-BRS/SDP/SDP/catkin_ws/devel/include/leg_tracker/Person.h
