[35m[1mScanning dependencies of target _leg_tracker_generate_messages_check_deps_PersonArray[0m
[35m[1mScanning dependencies of target std_msgs_generate_messages_eus[0m
[35m[1mScanning dependencies of target _leg_tracker_generate_messages_check_deps_Leg[0m
[35m[1mScanning dependencies of target std_msgs_generate_messages_cpp[0m
[35m[1mScanning dependencies of target geometry_msgs_generate_messages_eus[0m
[35m[1mScanning dependencies of target std_msgs_generate_messages_py[0m
[35m[1mScanning dependencies of target _leg_tracker_generate_messages_check_deps_Person[0m
[35m[1mScanning dependencies of target geometry_msgs_generate_messages_py[0m
[35m[1mScanning dependencies of target std_msgs_generate_messages_nodejs[0m
[35m[1mScanning dependencies of target geometry_msgs_generate_messages_cpp[0m
[35m[1mScanning dependencies of target geometry_msgs_generate_messages_nodejs[0m
[35m[1mScanning dependencies of target _leg_tracker_generate_messages_check_deps_LegArray[0m
[  0%] Built target std_msgs_generate_messages_eus
[  0%] Built target std_msgs_generate_messages_py
[  0%] Built target geometry_msgs_generate_messages_cpp
[  0%] Built target geometry_msgs_generate_messages_eus
[  0%] Built target geometry_msgs_generate_messages_py
[  0%] Built target std_msgs_generate_messages_nodejs
[  0%] Built target std_msgs_generate_messages_cpp
[  0%] Built target geometry_msgs_generate_messages_nodejs
[35m[1mScanning dependencies of target geometry_msgs_generate_messages_lisp[0m
[35m[1mScanning dependencies of target std_msgs_generate_messages_lisp[0m
[  0%] Built target std_msgs_generate_messages_lisp
[  0%] Built target geometry_msgs_generate_messages_lisp
[  0%] Built target _leg_tracker_generate_messages_check_deps_Leg
[  0%] Built target _leg_tracker_generate_messages_check_deps_LegArray
[  0%] Built target _leg_tracker_generate_messages_check_deps_PersonArray
[  0%] Built target _leg_tracker_generate_messages_check_deps_Person
[35m[1mScanning dependencies of target leg_tracker_generate_messages_nodejs[0m
[35m[1mScanning dependencies of target leg_tracker_generate_messages_lisp[0m
[35m[1mScanning dependencies of target leg_tracker_generate_messages_eus[0m
[35m[1mScanning dependencies of target leg_tracker_generate_messages_cpp[0m
[35m[1mScanning dependencies of target leg_tracker_generate_messages_py[0m
[  2%] [34m[1mGenerating EusLisp code from leg_tracker/Person.msg[0m
[ 11%] [34m[1mGenerating Javascript code from leg_tracker/Person.msg[0m
[ 11%] [34m[1mGenerating C++ code from leg_tracker/Person.msg[0m
[ 11%] [34m[1mGenerating Javascript code from leg_tracker/Leg.msg[0m
[ 13%] [34m[1mGenerating EusLisp code from leg_tracker/PersonArray.msg[0m
[ 19%] [34m[1mGenerating Lisp code from leg_tracker/Person.msg[0m
[ 19%] [34m[1mGenerating C++ code from leg_tracker/PersonArray.msg[0m
[ 25%] [34m[1mGenerating Javascript code from leg_tracker/LegArray.msg[0m
[ 25%] [34m[1mGenerating EusLisp code from leg_tracker/Leg.msg[0m
[ 27%] [34m[1mGenerating Javascript code from leg_tracker/PersonArray.msg[0m
[ 30%] [34m[1mGenerating Python from MSG leg_tracker/Person[0m
[ 33%] [34m[1mGenerating C++ code from leg_tracker/Leg.msg[0m
[ 36%] [34m[1mGenerating Lisp code from leg_tracker/PersonArray.msg[0m
[ 41%] [34m[1mGenerating EusLisp code from leg_tracker/LegArray.msg[0m
[ 41%] [34m[1mGenerating C++ code from leg_tracker/LegArray.msg[0m
[ 44%] [34m[1mGenerating EusLisp manifest code for leg_tracker[0m
[ 44%] Built target leg_tracker_generate_messages_nodejs
[ 47%] [34m[1mGenerating Lisp code from leg_tracker/Leg.msg[0m
[ 50%] [34m[1mGenerating Lisp code from leg_tracker/LegArray.msg[0m
[ 52%] [34m[1mGenerating Python from MSG leg_tracker/PersonArray[0m
[ 55%] [34m[1mGenerating Python from MSG leg_tracker/Leg[0m
[ 58%] [34m[1mGenerating Python from MSG leg_tracker/LegArray[0m
[ 58%] Built target leg_tracker_generate_messages_lisp
[ 58%] Built target leg_tracker_generate_messages_cpp
[35m[1mScanning dependencies of target leg_tracker_gencpp[0m
[ 58%] Built target leg_tracker_gencpp
[35m[1mScanning dependencies of target extract_positive_training_clusters[0m
[35m[1mScanning dependencies of target detect_leg_clusters[0m
[35m[1mScanning dependencies of target train_leg_detector[0m
[35m[1mScanning dependencies of target local_occupancy_grid_mapping[0m
[ 61%] [32mBuilding CXX object CMakeFiles/extract_positive_training_clusters.dir/src/extract_positive_training_clusters.cpp.o[0m
[ 63%] [32mBuilding CXX object CMakeFiles/extract_positive_training_clusters.dir/src/laser_processor.cpp.o[0m
[ 66%] [34m[1mGenerating Python msg __init__.py for leg_tracker[0m
[ 69%] [32mBuilding CXX object CMakeFiles/local_occupancy_grid_mapping.dir/src/laser_processor.cpp.o[0m
[ 72%] [32mBuilding CXX object CMakeFiles/local_occupancy_grid_mapping.dir/src/local_occupancy_grid_mapping.cpp.o[0m
[ 75%] [32mBuilding CXX object CMakeFiles/train_leg_detector.dir/src/laser_processor.cpp.o[0m
[ 77%] [32mBuilding CXX object CMakeFiles/train_leg_detector.dir/src/cluster_features.cpp.o[0m
[ 80%] [32mBuilding CXX object CMakeFiles/train_leg_detector.dir/src/train_leg_detector.cpp.o[0m
[ 83%] [32mBuilding CXX object CMakeFiles/detect_leg_clusters.dir/src/laser_processor.cpp.o[0m
[ 86%] [32mBuilding CXX object CMakeFiles/detect_leg_clusters.dir/src/detect_leg_clusters.cpp.o[0m
[ 88%] [32mBuilding CXX object CMakeFiles/detect_leg_clusters.dir/src/cluster_features.cpp.o[0m
[ 88%] Built target leg_tracker_generate_messages_py
[ 88%] Built target leg_tracker_generate_messages_eus
[35m[1mScanning dependencies of target leg_tracker_generate_messages[0m
[ 88%] Built target leg_tracker_generate_messages
[ 91%] [32m[1mLinking CXX executable /home/sam/Documents/HS-BRS/SDP/SDP/catkin_ws/devel/.private/leg_tracker/lib/leg_tracker/detect_leg_clusters[0m
[ 91%] Built target detect_leg_clusters
[ 94%] [32m[1mLinking CXX executable /home/sam/Documents/HS-BRS/SDP/SDP/catkin_ws/devel/.private/leg_tracker/lib/leg_tracker/train_leg_detector[0m
[ 94%] Built target train_leg_detector
[ 97%] [32m[1mLinking CXX executable /home/sam/Documents/HS-BRS/SDP/SDP/catkin_ws/devel/.private/leg_tracker/lib/leg_tracker/extract_positive_training_clusters[0m
[ 97%] Built target extract_positive_training_clusters
[100%] [32m[1mLinking CXX executable /home/sam/Documents/HS-BRS/SDP/SDP/catkin_ws/devel/.private/leg_tracker/lib/leg_tracker/local_occupancy_grid_mapping[0m
[100%] Built target local_occupancy_grid_mapping
